2025-04-19 04:40:38,293 - httpx - INFO - HTTP Request: POST https://api.telegram.org/bot7961356330:AAHcDLCLSDgkoRQhXGfOgooX24cqS6Co0Mw/getMe "HTTP/1.1 200 OK"
2025-04-19 04:40:38,461 - httpx - INFO - HTTP Request: POST https://api.telegram.org/bot7961356330:AAHcDLCLSDgkoRQhXGfOgooX24cqS6Co0Mw/deleteWebhook "HTTP/1.1 200 OK"
2025-04-19 04:40:38,462 - apscheduler.scheduler - INFO - Scheduler started
2025-04-19 04:40:38,462 - telegram.ext.Application - INFO - Application started
2025-04-19 04:40:43,085 - httpx - INFO - HTTP Request: POST https://api.telegram.org/bot7961356330:AAHcDLCLSDgkoRQhXGfOgooX24cqS6Co0Mw/getUpdates "HTTP/1.1 200 OK"
2025-04-19 04:40:43,438 - httpx - INFO - HTTP Request: POST https://api.telegram.org/bot7961356330:AAHcDLCLSDgkoRQhXGfOgooX24cqS6Co0Mw/sendMessage "HTTP/1.1 200 OK"
2025-04-19 04:40:48,763 - httpx - INFO - HTTP Request: POST https://api.telegram.org/bot7961356330:AAHcDLCLSDgkoRQhXGfOgooX24cqS6Co0Mw/getUpdates "HTTP/1.1 200 OK"
2025-04-19 04:40:48,764 - telegram.ext.Application - ERROR - No error handlers are registered, logging exception.
Traceback (most recent call last):
  File "C:\Users\jerin\AppData\Local\Programs\Python\Python312\Lib\site-packages\telegram\ext\_application.py", line 1298, in process_update
    await coroutine
  File "C:\Users\jerin\AppData\Local\Programs\Python\Python312\Lib\site-packages\telegram\ext\_handlers\basehandler.py", line 158, in handle_update
    return await self.callback(update, context)
           ^^^^^^^^^^^^^^^^^^^^^^^^^^^^^^^^^^^^
  File "C:\Users\jerin\Desktop\NEW\telebot01\handlers\top_up.py", line 49, in available_balance_handler
    await handle_txid_submission(update, context, msg)
  File "C:\Users\jerin\Desktop\NEW\telebot01\handlers\top_up.py", line 69, in handle_txid_submission
    save_pending(pending)
  File "C:\Users\jerin\Desktop\NEW\telebot01\utils\pending.py", line 13, in save_pending
    with open(PENDING_FILE, "w") as f:
         ^^^^^^^^^^^^^^^^^^^^^^^
FileNotFoundError: [Errno 2] No such file or directory: 'C:\\Users\\jerin\\Desktop\\NEW\\telebot01\\utils\\..\\data\\pending_deposits.json'
2025-04-19 04:40:58,956 - httpx - INFO - HTTP Request: POST https://api.telegram.org/bot7961356330:AAHcDLCLSDgkoRQhXGfOgooX24cqS6Co0Mw/getUpdates "HTTP/1.1 200 OK"
2025-04-19 04:41:09,130 - httpx - INFO - HTTP Request: POST https://api.telegram.org/bot7961356330:AAHcDLCLSDgkoRQhXGfOgooX24cqS6Co0Mw/getUpdates "HTTP/1.1 200 OK"
2025-04-19 04:41:19,323 - httpx - INFO - HTTP Request: POST https://api.telegram.org/bot7961356330:AAHcDLCLSDgkoRQhXGfOgooX24cqS6Co0Mw/getUpdates "HTTP/1.1 200 OK"
2025-04-19 04:41:29,483 - httpx - INFO - HTTP Request: POST https://api.telegram.org/bot7961356330:AAHcDLCLSDgkoRQhXGfOgooX24cqS6Co0Mw/getUpdates "HTTP/1.1 200 OK"
2025-04-19 04:41:39,671 - httpx - INFO - HTTP Request: POST https://api.telegram.org/bot7961356330:AAHcDLCLSDgkoRQhXGfOgooX24cqS6Co0Mw/getUpdates "HTTP/1.1 200 OK"
2025-04-19 04:41:49,852 - httpx - INFO - HTTP Request: POST https://api.telegram.org/bot7961356330:AAHcDLCLSDgkoRQhXGfOgooX24cqS6Co0Mw/getUpdates "HTTP/1.1 200 OK"
2025-04-19 04:42:00,041 - httpx - INFO - HTTP Request: POST https://api.telegram.org/bot7961356330:AAHcDLCLSDgkoRQhXGfOgooX24cqS6Co0Mw/getUpdates "HTTP/1.1 200 OK"
2025-04-19 04:42:10,215 - httpx - INFO - HTTP Request: POST https://api.telegram.org/bot7961356330:AAHcDLCLSDgkoRQhXGfOgooX24cqS6Co0Mw/getUpdates "HTTP/1.1 200 OK"
2025-04-19 04:42:20,376 - httpx - INFO - HTTP Request: POST https://api.telegram.org/bot7961356330:AAHcDLCLSDgkoRQhXGfOgooX24cqS6Co0Mw/getUpdates "HTTP/1.1 200 OK"
2025-04-19 04:42:30,538 - httpx - INFO - HTTP Request: POST https://api.telegram.org/bot7961356330:AAHcDLCLSDgkoRQhXGfOgooX24cqS6Co0Mw/getUpdates "HTTP/1.1 200 OK"
2025-04-19 04:42:40,700 - httpx - INFO - HTTP Request: POST https://api.telegram.org/bot7961356330:AAHcDLCLSDgkoRQhXGfOgooX24cqS6Co0Mw/getUpdates "HTTP/1.1 200 OK"
2025-04-19 04:42:50,869 - httpx - INFO - HTTP Request: POST https://api.telegram.org/bot7961356330:AAHcDLCLSDgkoRQhXGfOgooX24cqS6Co0Mw/getUpdates "HTTP/1.1 200 OK"
2025-04-19 04:43:01,025 - httpx - INFO - HTTP Request: POST https://api.telegram.org/bot7961356330:AAHcDLCLSDgkoRQhXGfOgooX24cqS6Co0Mw/getUpdates "HTTP/1.1 200 OK"
2025-04-19 04:43:11,198 - httpx - INFO - HTTP Request: POST https://api.telegram.org/bot7961356330:AAHcDLCLSDgkoRQhXGfOgooX24cqS6Co0Mw/getUpdates "HTTP/1.1 200 OK"
2025-04-19 04:43:21,349 - httpx - INFO - HTTP Request: POST https://api.telegram.org/bot7961356330:AAHcDLCLSDgkoRQhXGfOgooX24cqS6Co0Mw/getUpdates "HTTP/1.1 200 OK"
2025-04-19 04:43:31,516 - httpx - INFO - HTTP Request: POST https://api.telegram.org/bot7961356330:AAHcDLCLSDgkoRQhXGfOgooX24cqS6Co0Mw/getUpdates "HTTP/1.1 200 OK"
2025-04-19 04:43:41,669 - httpx - INFO - HTTP Request: POST https://api.telegram.org/bot7961356330:AAHcDLCLSDgkoRQhXGfOgooX24cqS6Co0Mw/getUpdates "HTTP/1.1 200 OK"
2025-04-19 04:43:51,840 - httpx - INFO - HTTP Request: POST https://api.telegram.org/bot7961356330:AAHcDLCLSDgkoRQhXGfOgooX24cqS6Co0Mw/getUpdates "HTTP/1.1 200 OK"
2025-04-19 04:44:02,003 - httpx - INFO - HTTP Request: POST https://api.telegram.org/bot7961356330:AAHcDLCLSDgkoRQhXGfOgooX24cqS6Co0Mw/getUpdates "HTTP/1.1 200 OK"
2025-04-19 04:44:12,170 - httpx - INFO - HTTP Request: POST https://api.telegram.org/bot7961356330:AAHcDLCLSDgkoRQhXGfOgooX24cqS6Co0Mw/getUpdates "HTTP/1.1 200 OK"
2025-04-19 04:44:22,336 - httpx - INFO - HTTP Request: POST https://api.telegram.org/bot7961356330:AAHcDLCLSDgkoRQhXGfOgooX24cqS6Co0Mw/getUpdates "HTTP/1.1 200 OK"
2025-04-19 04:44:32,514 - httpx - INFO - HTTP Request: POST https://api.telegram.org/bot7961356330:AAHcDLCLSDgkoRQhXGfOgooX24cqS6Co0Mw/getUpdates "HTTP/1.1 200 OK"
2025-04-19 04:44:42,692 - httpx - INFO - HTTP Request: POST https://api.telegram.org/bot7961356330:AAHcDLCLSDgkoRQhXGfOgooX24cqS6Co0Mw/getUpdates "HTTP/1.1 200 OK"
2025-04-19 04:44:52,865 - httpx - INFO - HTTP Request: POST https://api.telegram.org/bot7961356330:AAHcDLCLSDgkoRQhXGfOgooX24cqS6Co0Mw/getUpdates "HTTP/1.1 200 OK"
2025-04-19 04:45:03,031 - httpx - INFO - HTTP Request: POST https://api.telegram.org/bot7961356330:AAHcDLCLSDgkoRQhXGfOgooX24cqS6Co0Mw/getUpdates "HTTP/1.1 200 OK"
2025-04-19 04:45:13,197 - httpx - INFO - HTTP Request: POST https://api.telegram.org/bot7961356330:AAHcDLCLSDgkoRQhXGfOgooX24cqS6Co0Mw/getUpdates "HTTP/1.1 200 OK"
2025-04-19 04:45:23,359 - httpx - INFO - HTTP Request: POST https://api.telegram.org/bot7961356330:AAHcDLCLSDgkoRQhXGfOgooX24cqS6Co0Mw/getUpdates "HTTP/1.1 200 OK"
2025-04-19 04:45:33,513 - httpx - INFO - HTTP Request: POST https://api.telegram.org/bot7961356330:AAHcDLCLSDgkoRQhXGfOgooX24cqS6Co0Mw/getUpdates "HTTP/1.1 200 OK"
2025-04-19 04:45:43,687 - httpx - INFO - HTTP Request: POST https://api.telegram.org/bot7961356330:AAHcDLCLSDgkoRQhXGfOgooX24cqS6Co0Mw/getUpdates "HTTP/1.1 200 OK"
2025-04-19 04:45:53,846 - httpx - INFO - HTTP Request: POST https://api.telegram.org/bot7961356330:AAHcDLCLSDgkoRQhXGfOgooX24cqS6Co0Mw/getUpdates "HTTP/1.1 200 OK"
2025-04-19 04:46:04,016 - httpx - INFO - HTTP Request: POST https://api.telegram.org/bot7961356330:AAHcDLCLSDgkoRQhXGfOgooX24cqS6Co0Mw/getUpdates "HTTP/1.1 200 OK"
2025-04-19 04:46:14,182 - httpx - INFO - HTTP Request: POST https://api.telegram.org/bot7961356330:AAHcDLCLSDgkoRQhXGfOgooX24cqS6Co0Mw/getUpdates "HTTP/1.1 200 OK"
2025-04-19 04:46:24,344 - httpx - INFO - HTTP Request: POST https://api.telegram.org/bot7961356330:AAHcDLCLSDgkoRQhXGfOgooX24cqS6Co0Mw/getUpdates "HTTP/1.1 200 OK"
2025-04-19 04:46:34,511 - httpx - INFO - HTTP Request: POST https://api.telegram.org/bot7961356330:AAHcDLCLSDgkoRQhXGfOgooX24cqS6Co0Mw/getUpdates "HTTP/1.1 200 OK"
2025-04-19 04:46:44,674 - httpx - INFO - HTTP Request: POST https://api.telegram.org/bot7961356330:AAHcDLCLSDgkoRQhXGfOgooX24cqS6Co0Mw/getUpdates "HTTP/1.1 200 OK"
2025-04-19 04:46:54,838 - httpx - INFO - HTTP Request: POST https://api.telegram.org/bot7961356330:AAHcDLCLSDgkoRQhXGfOgooX24cqS6Co0Mw/getUpdates "HTTP/1.1 200 OK"
2025-04-19 04:47:05,016 - httpx - INFO - HTTP Request: POST https://api.telegram.org/bot7961356330:AAHcDLCLSDgkoRQhXGfOgooX24cqS6Co0Mw/getUpdates "HTTP/1.1 200 OK"
2025-04-19 04:47:15,190 - httpx - INFO - HTTP Request: POST https://api.telegram.org/bot7961356330:AAHcDLCLSDgkoRQhXGfOgooX24cqS6Co0Mw/getUpdates "HTTP/1.1 200 OK"
2025-04-19 04:47:25,357 - httpx - INFO - HTTP Request: POST https://api.telegram.org/bot7961356330:AAHcDLCLSDgkoRQhXGfOgooX24cqS6Co0Mw/getUpdates "HTTP/1.1 200 OK"
2025-04-19 04:47:35,549 - httpx - INFO - HTTP Request: POST https://api.telegram.org/bot7961356330:AAHcDLCLSDgkoRQhXGfOgooX24cqS6Co0Mw/getUpdates "HTTP/1.1 200 OK"
2025-04-19 04:47:45,741 - httpx - INFO - HTTP Request: POST https://api.telegram.org/bot7961356330:AAHcDLCLSDgkoRQhXGfOgooX24cqS6Co0Mw/getUpdates "HTTP/1.1 200 OK"
2025-04-19 04:47:55,920 - httpx - INFO - HTTP Request: POST https://api.telegram.org/bot7961356330:AAHcDLCLSDgkoRQhXGfOgooX24cqS6Co0Mw/getUpdates "HTTP/1.1 200 OK"
2025-04-19 04:48:06,102 - httpx - INFO - HTTP Request: POST https://api.telegram.org/bot7961356330:AAHcDLCLSDgkoRQhXGfOgooX24cqS6Co0Mw/getUpdates "HTTP/1.1 200 OK"
2025-04-19 04:48:16,296 - httpx - INFO - HTTP Request: POST https://api.telegram.org/bot7961356330:AAHcDLCLSDgkoRQhXGfOgooX24cqS6Co0Mw/getUpdates "HTTP/1.1 200 OK"
2025-04-19 04:48:26,475 - httpx - INFO - HTTP Request: POST https://api.telegram.org/bot7961356330:AAHcDLCLSDgkoRQhXGfOgooX24cqS6Co0Mw/getUpdates "HTTP/1.1 200 OK"
2025-04-19 04:48:36,642 - httpx - INFO - HTTP Request: POST https://api.telegram.org/bot7961356330:AAHcDLCLSDgkoRQhXGfOgooX24cqS6Co0Mw/getUpdates "HTTP/1.1 200 OK"
2025-04-19 04:48:46,806 - httpx - INFO - HTTP Request: POST https://api.telegram.org/bot7961356330:AAHcDLCLSDgkoRQhXGfOgooX24cqS6Co0Mw/getUpdates "HTTP/1.1 200 OK"
2025-04-19 04:48:57,002 - httpx - INFO - HTTP Request: POST https://api.telegram.org/bot7961356330:AAHcDLCLSDgkoRQhXGfOgooX24cqS6Co0Mw/getUpdates "HTTP/1.1 200 OK"
2025-04-19 04:49:07,166 - httpx - INFO - HTTP Request: POST https://api.telegram.org/bot7961356330:AAHcDLCLSDgkoRQhXGfOgooX24cqS6Co0Mw/getUpdates "HTTP/1.1 200 OK"
2025-04-19 04:49:17,345 - httpx - INFO - HTTP Request: POST https://api.telegram.org/bot7961356330:AAHcDLCLSDgkoRQhXGfOgooX24cqS6Co0Mw/getUpdates "HTTP/1.1 200 OK"
2025-04-19 04:49:27,521 - httpx - INFO - HTTP Request: POST https://api.telegram.org/bot7961356330:AAHcDLCLSDgkoRQhXGfOgooX24cqS6Co0Mw/getUpdates "HTTP/1.1 200 OK"
2025-04-19 04:49:37,698 - httpx - INFO - HTTP Request: POST https://api.telegram.org/bot7961356330:AAHcDLCLSDgkoRQhXGfOgooX24cqS6Co0Mw/getUpdates "HTTP/1.1 200 OK"
2025-04-19 04:49:47,875 - httpx - INFO - HTTP Request: POST https://api.telegram.org/bot7961356330:AAHcDLCLSDgkoRQhXGfOgooX24cqS6Co0Mw/getUpdates "HTTP/1.1 200 OK"
2025-04-19 04:49:58,066 - httpx - INFO - HTTP Request: POST https://api.telegram.org/bot7961356330:AAHcDLCLSDgkoRQhXGfOgooX24cqS6Co0Mw/getUpdates "HTTP/1.1 200 OK"
2025-04-19 04:50:08,236 - httpx - INFO - HTTP Request: POST https://api.telegram.org/bot7961356330:AAHcDLCLSDgkoRQhXGfOgooX24cqS6Co0Mw/getUpdates "HTTP/1.1 200 OK"
2025-04-19 04:50:18,395 - httpx - INFO - HTTP Request: POST https://api.telegram.org/bot7961356330:AAHcDLCLSDgkoRQhXGfOgooX24cqS6Co0Mw/getUpdates "HTTP/1.1 200 OK"
2025-04-19 04:50:28,550 - httpx - INFO - HTTP Request: POST https://api.telegram.org/bot7961356330:AAHcDLCLSDgkoRQhXGfOgooX24cqS6Co0Mw/getUpdates "HTTP/1.1 200 OK"
2025-04-19 04:50:38,726 - httpx - INFO - HTTP Request: POST https://api.telegram.org/bot7961356330:AAHcDLCLSDgkoRQhXGfOgooX24cqS6Co0Mw/getUpdates "HTTP/1.1 200 OK"
2025-04-19 04:50:48,895 - httpx - INFO - HTTP Request: POST https://api.telegram.org/bot7961356330:AAHcDLCLSDgkoRQhXGfOgooX24cqS6Co0Mw/getUpdates "HTTP/1.1 200 OK"
2025-04-19 04:50:59,064 - httpx - INFO - HTTP Request: POST https://api.telegram.org/bot7961356330:AAHcDLCLSDgkoRQhXGfOgooX24cqS6Co0Mw/getUpdates "HTTP/1.1 200 OK"
2025-04-19 04:51:09,249 - httpx - INFO - HTTP Request: POST https://api.telegram.org/bot7961356330:AAHcDLCLSDgkoRQhXGfOgooX24cqS6Co0Mw/getUpdates "HTTP/1.1 200 OK"
2025-04-19 04:51:19,429 - httpx - INFO - HTTP Request: POST https://api.telegram.org/bot7961356330:AAHcDLCLSDgkoRQhXGfOgooX24cqS6Co0Mw/getUpdates "HTTP/1.1 200 OK"
2025-04-19 04:51:29,604 - httpx - INFO - HTTP Request: POST https://api.telegram.org/bot7961356330:AAHcDLCLSDgkoRQhXGfOgooX24cqS6Co0Mw/getUpdates "HTTP/1.1 200 OK"
2025-04-19 04:51:39,790 - httpx - INFO - HTTP Request: POST https://api.telegram.org/bot7961356330:AAHcDLCLSDgkoRQhXGfOgooX24cqS6Co0Mw/getUpdates "HTTP/1.1 200 OK"
2025-04-19 04:51:49,953 - httpx - INFO - HTTP Request: POST https://api.telegram.org/bot7961356330:AAHcDLCLSDgkoRQhXGfOgooX24cqS6Co0Mw/getUpdates "HTTP/1.1 200 OK"
2025-04-19 04:52:00,115 - httpx - INFO - HTTP Request: POST https://api.telegram.org/bot7961356330:AAHcDLCLSDgkoRQhXGfOgooX24cqS6Co0Mw/getUpdates "HTTP/1.1 200 OK"
2025-04-19 04:52:10,286 - httpx - INFO - HTTP Request: POST https://api.telegram.org/bot7961356330:AAHcDLCLSDgkoRQhXGfOgooX24cqS6Co0Mw/getUpdates "HTTP/1.1 200 OK"
2025-04-19 04:52:20,480 - httpx - INFO - HTTP Request: POST https://api.telegram.org/bot7961356330:AAHcDLCLSDgkoRQhXGfOgooX24cqS6Co0Mw/getUpdates "HTTP/1.1 200 OK"
2025-04-19 04:52:30,667 - httpx - INFO - HTTP Request: POST https://api.telegram.org/bot7961356330:AAHcDLCLSDgkoRQhXGfOgooX24cqS6Co0Mw/getUpdates "HTTP/1.1 200 OK"
2025-04-19 04:52:40,848 - httpx - INFO - HTTP Request: POST https://api.telegram.org/bot7961356330:AAHcDLCLSDgkoRQhXGfOgooX24cqS6Co0Mw/getUpdates "HTTP/1.1 200 OK"
2025-04-19 04:52:51,006 - httpx - INFO - HTTP Request: POST https://api.telegram.org/bot7961356330:AAHcDLCLSDgkoRQhXGfOgooX24cqS6Co0Mw/getUpdates "HTTP/1.1 200 OK"
2025-04-19 04:53:01,159 - httpx - INFO - HTTP Request: POST https://api.telegram.org/bot7961356330:AAHcDLCLSDgkoRQhXGfOgooX24cqS6Co0Mw/getUpdates "HTTP/1.1 200 OK"
2025-04-19 04:53:11,326 - httpx - INFO - HTTP Request: POST https://api.telegram.org/bot7961356330:AAHcDLCLSDgkoRQhXGfOgooX24cqS6Co0Mw/getUpdates "HTTP/1.1 200 OK"
2025-04-19 04:53:21,507 - httpx - INFO - HTTP Request: POST https://api.telegram.org/bot7961356330:AAHcDLCLSDgkoRQhXGfOgooX24cqS6Co0Mw/getUpdates "HTTP/1.1 200 OK"
2025-04-19 04:53:31,683 - httpx - INFO - HTTP Request: POST https://api.telegram.org/bot7961356330:AAHcDLCLSDgkoRQhXGfOgooX24cqS6Co0Mw/getUpdates "HTTP/1.1 200 OK"
2025-04-19 04:53:41,848 - httpx - INFO - HTTP Request: POST https://api.telegram.org/bot7961356330:AAHcDLCLSDgkoRQhXGfOgooX24cqS6Co0Mw/getUpdates "HTTP/1.1 200 OK"
2025-04-19 04:53:52,027 - httpx - INFO - HTTP Request: POST https://api.telegram.org/bot7961356330:AAHcDLCLSDgkoRQhXGfOgooX24cqS6Co0Mw/getUpdates "HTTP/1.1 200 OK"
2025-04-19 04:54:02,196 - httpx - INFO - HTTP Request: POST https://api.telegram.org/bot7961356330:AAHcDLCLSDgkoRQhXGfOgooX24cqS6Co0Mw/getUpdates "HTTP/1.1 200 OK"
2025-04-19 04:54:12,348 - httpx - INFO - HTTP Request: POST https://api.telegram.org/bot7961356330:AAHcDLCLSDgkoRQhXGfOgooX24cqS6Co0Mw/getUpdates "HTTP/1.1 200 OK"
2025-04-19 04:54:22,516 - httpx - INFO - HTTP Request: POST https://api.telegram.org/bot7961356330:AAHcDLCLSDgkoRQhXGfOgooX24cqS6Co0Mw/getUpdates "HTTP/1.1 200 OK"
2025-04-19 04:54:32,695 - httpx - INFO - HTTP Request: POST https://api.telegram.org/bot7961356330:AAHcDLCLSDgkoRQhXGfOgooX24cqS6Co0Mw/getUpdates "HTTP/1.1 200 OK"
2025-04-19 04:54:42,882 - httpx - INFO - HTTP Request: POST https://api.telegram.org/bot7961356330:AAHcDLCLSDgkoRQhXGfOgooX24cqS6Co0Mw/getUpdates "HTTP/1.1 200 OK"
2025-04-19 04:54:53,047 - httpx - INFO - HTTP Request: POST https://api.telegram.org/bot7961356330:AAHcDLCLSDgkoRQhXGfOgooX24cqS6Co0Mw/getUpdates "HTTP/1.1 200 OK"
2025-04-19 04:55:03,224 - httpx - INFO - HTTP Request: POST https://api.telegram.org/bot7961356330:AAHcDLCLSDgkoRQhXGfOgooX24cqS6Co0Mw/getUpdates "HTTP/1.1 200 OK"
2025-04-19 04:55:13,373 - httpx - INFO - HTTP Request: POST https://api.telegram.org/bot7961356330:AAHcDLCLSDgkoRQhXGfOgooX24cqS6Co0Mw/getUpdates "HTTP/1.1 200 OK"
2025-04-19 04:55:23,530 - httpx - INFO - HTTP Request: POST https://api.telegram.org/bot7961356330:AAHcDLCLSDgkoRQhXGfOgooX24cqS6Co0Mw/getUpdates "HTTP/1.1 200 OK"
2025-04-19 04:55:33,698 - httpx - INFO - HTTP Request: POST https://api.telegram.org/bot7961356330:AAHcDLCLSDgkoRQhXGfOgooX24cqS6Co0Mw/getUpdates "HTTP/1.1 200 OK"
2025-04-19 04:55:43,880 - httpx - INFO - HTTP Request: POST https://api.telegram.org/bot7961356330:AAHcDLCLSDgkoRQhXGfOgooX24cqS6Co0Mw/getUpdates "HTTP/1.1 200 OK"
2025-04-19 04:55:54,057 - httpx - INFO - HTTP Request: POST https://api.telegram.org/bot7961356330:AAHcDLCLSDgkoRQhXGfOgooX24cqS6Co0Mw/getUpdates "HTTP/1.1 200 OK"
2025-04-19 04:56:04,225 - httpx - INFO - HTTP Request: POST https://api.telegram.org/bot7961356330:AAHcDLCLSDgkoRQhXGfOgooX24cqS6Co0Mw/getUpdates "HTTP/1.1 200 OK"
2025-04-19 04:56:14,387 - httpx - INFO - HTTP Request: POST https://api.telegram.org/bot7961356330:AAHcDLCLSDgkoRQhXGfOgooX24cqS6Co0Mw/getUpdates "HTTP/1.1 200 OK"
2025-04-19 04:56:24,548 - httpx - INFO - HTTP Request: POST https://api.telegram.org/bot7961356330:AAHcDLCLSDgkoRQhXGfOgooX24cqS6Co0Mw/getUpdates "HTTP/1.1 200 OK"
2025-04-19 04:56:34,731 - httpx - INFO - HTTP Request: POST https://api.telegram.org/bot7961356330:AAHcDLCLSDgkoRQhXGfOgooX24cqS6Co0Mw/getUpdates "HTTP/1.1 200 OK"
2025-04-19 04:56:44,899 - httpx - INFO - HTTP Request: POST https://api.telegram.org/bot7961356330:AAHcDLCLSDgkoRQhXGfOgooX24cqS6Co0Mw/getUpdates "HTTP/1.1 200 OK"
2025-04-19 04:56:55,070 - httpx - INFO - HTTP Request: POST https://api.telegram.org/bot7961356330:AAHcDLCLSDgkoRQhXGfOgooX24cqS6Co0Mw/getUpdates "HTTP/1.1 200 OK"
2025-04-19 04:57:05,261 - httpx - INFO - HTTP Request: POST https://api.telegram.org/bot7961356330:AAHcDLCLSDgkoRQhXGfOgooX24cqS6Co0Mw/getUpdates "HTTP/1.1 200 OK"
2025-04-19 04:57:15,415 - httpx - INFO - HTTP Request: POST https://api.telegram.org/bot7961356330:AAHcDLCLSDgkoRQhXGfOgooX24cqS6Co0Mw/getUpdates "HTTP/1.1 200 OK"
2025-04-19 04:57:25,606 - httpx - INFO - HTTP Request: POST https://api.telegram.org/bot7961356330:AAHcDLCLSDgkoRQhXGfOgooX24cqS6Co0Mw/getUpdates "HTTP/1.1 200 OK"
2025-04-19 04:57:36,107 - httpx - INFO - HTTP Request: POST https://api.telegram.org/bot7961356330:AAHcDLCLSDgkoRQhXGfOgooX24cqS6Co0Mw/getUpdates "HTTP/1.1 200 OK"
2025-04-19 04:57:46,300 - httpx - INFO - HTTP Request: POST https://api.telegram.org/bot7961356330:AAHcDLCLSDgkoRQhXGfOgooX24cqS6Co0Mw/getUpdates "HTTP/1.1 200 OK"
2025-04-19 04:57:56,466 - httpx - INFO - HTTP Request: POST https://api.telegram.org/bot7961356330:AAHcDLCLSDgkoRQhXGfOgooX24cqS6Co0Mw/getUpdates "HTTP/1.1 200 OK"
2025-04-19 04:58:06,633 - httpx - INFO - HTTP Request: POST https://api.telegram.org/bot7961356330:AAHcDLCLSDgkoRQhXGfOgooX24cqS6Co0Mw/getUpdates "HTTP/1.1 200 OK"
2025-04-19 04:58:16,814 - httpx - INFO - HTTP Request: POST https://api.telegram.org/bot7961356330:AAHcDLCLSDgkoRQhXGfOgooX24cqS6Co0Mw/getUpdates "HTTP/1.1 200 OK"
2025-04-19 04:58:26,971 - httpx - INFO - HTTP Request: POST https://api.telegram.org/bot7961356330:AAHcDLCLSDgkoRQhXGfOgooX24cqS6Co0Mw/getUpdates "HTTP/1.1 200 OK"
2025-04-19 04:58:37,132 - httpx - INFO - HTTP Request: POST https://api.telegram.org/bot7961356330:AAHcDLCLSDgkoRQhXGfOgooX24cqS6Co0Mw/getUpdates "HTTP/1.1 200 OK"
2025-04-19 04:58:47,295 - httpx - INFO - HTTP Request: POST https://api.telegram.org/bot7961356330:AAHcDLCLSDgkoRQhXGfOgooX24cqS6Co0Mw/getUpdates "HTTP/1.1 200 OK"
2025-04-19 04:58:57,455 - httpx - INFO - HTTP Request: POST https://api.telegram.org/bot7961356330:AAHcDLCLSDgkoRQhXGfOgooX24cqS6Co0Mw/getUpdates "HTTP/1.1 200 OK"
2025-04-19 04:59:07,629 - httpx - INFO - HTTP Request: POST https://api.telegram.org/bot7961356330:AAHcDLCLSDgkoRQhXGfOgooX24cqS6Co0Mw/getUpdates "HTTP/1.1 200 OK"
2025-04-19 04:59:17,797 - httpx - INFO - HTTP Request: POST https://api.telegram.org/bot7961356330:AAHcDLCLSDgkoRQhXGfOgooX24cqS6Co0Mw/getUpdates "HTTP/1.1 200 OK"
2025-04-19 04:59:27,979 - httpx - INFO - HTTP Request: POST https://api.telegram.org/bot7961356330:AAHcDLCLSDgkoRQhXGfOgooX24cqS6Co0Mw/getUpdates "HTTP/1.1 200 OK"
2025-04-19 04:59:38,140 - httpx - INFO - HTTP Request: POST https://api.telegram.org/bot7961356330:AAHcDLCLSDgkoRQhXGfOgooX24cqS6Co0Mw/getUpdates "HTTP/1.1 200 OK"
2025-04-19 04:59:48,294 - httpx - INFO - HTTP Request: POST https://api.telegram.org/bot7961356330:AAHcDLCLSDgkoRQhXGfOgooX24cqS6Co0Mw/getUpdates "HTTP/1.1 200 OK"
2025-04-19 04:59:58,461 - httpx - INFO - HTTP Request: POST https://api.telegram.org/bot7961356330:AAHcDLCLSDgkoRQhXGfOgooX24cqS6Co0Mw/getUpdates "HTTP/1.1 200 OK"
2025-04-19 05:00:08,630 - httpx - INFO - HTTP Request: POST https://api.telegram.org/bot7961356330:AAHcDLCLSDgkoRQhXGfOgooX24cqS6Co0Mw/getUpdates "HTTP/1.1 200 OK"
2025-04-19 05:00:18,800 - httpx - INFO - HTTP Request: POST https://api.telegram.org/bot7961356330:AAHcDLCLSDgkoRQhXGfOgooX24cqS6Co0Mw/getUpdates "HTTP/1.1 200 OK"
2025-04-19 05:00:28,972 - httpx - INFO - HTTP Request: POST https://api.telegram.org/bot7961356330:AAHcDLCLSDgkoRQhXGfOgooX24cqS6Co0Mw/getUpdates "HTTP/1.1 200 OK"
2025-04-19 05:00:39,143 - httpx - INFO - HTTP Request: POST https://api.telegram.org/bot7961356330:AAHcDLCLSDgkoRQhXGfOgooX24cqS6Co0Mw/getUpdates "HTTP/1.1 200 OK"
2025-04-19 05:00:49,325 - httpx - INFO - HTTP Request: POST https://api.telegram.org/bot7961356330:AAHcDLCLSDgkoRQhXGfOgooX24cqS6Co0Mw/getUpdates "HTTP/1.1 200 OK"
2025-04-19 05:00:59,497 - httpx - INFO - HTTP Request: POST https://api.telegram.org/bot7961356330:AAHcDLCLSDgkoRQhXGfOgooX24cqS6Co0Mw/getUpdates "HTTP/1.1 200 OK"
2025-04-19 05:01:09,657 - httpx - INFO - HTTP Request: POST https://api.telegram.org/bot7961356330:AAHcDLCLSDgkoRQhXGfOgooX24cqS6Co0Mw/getUpdates "HTTP/1.1 200 OK"
2025-04-19 05:01:19,817 - httpx - INFO - HTTP Request: POST https://api.telegram.org/bot7961356330:AAHcDLCLSDgkoRQhXGfOgooX24cqS6Co0Mw/getUpdates "HTTP/1.1 200 OK"
2025-04-19 05:01:29,968 - httpx - INFO - HTTP Request: POST https://api.telegram.org/bot7961356330:AAHcDLCLSDgkoRQhXGfOgooX24cqS6Co0Mw/getUpdates "HTTP/1.1 200 OK"
2025-04-19 05:01:40,113 - httpx - INFO - HTTP Request: POST https://api.telegram.org/bot7961356330:AAHcDLCLSDgkoRQhXGfOgooX24cqS6Co0Mw/getUpdates "HTTP/1.1 200 OK"
2025-04-19 05:01:50,269 - httpx - INFO - HTTP Request: POST https://api.telegram.org/bot7961356330:AAHcDLCLSDgkoRQhXGfOgooX24cqS6Co0Mw/getUpdates "HTTP/1.1 200 OK"
2025-04-19 05:02:00,429 - httpx - INFO - HTTP Request: POST https://api.telegram.org/bot7961356330:AAHcDLCLSDgkoRQhXGfOgooX24cqS6Co0Mw/getUpdates "HTTP/1.1 200 OK"
2025-04-19 05:02:10,601 - httpx - INFO - HTTP Request: POST https://api.telegram.org/bot7961356330:AAHcDLCLSDgkoRQhXGfOgooX24cqS6Co0Mw/getUpdates "HTTP/1.1 200 OK"
2025-04-19 05:02:20,754 - httpx - INFO - HTTP Request: POST https://api.telegram.org/bot7961356330:AAHcDLCLSDgkoRQhXGfOgooX24cqS6Co0Mw/getUpdates "HTTP/1.1 200 OK"
2025-04-19 05:02:30,901 - httpx - INFO - HTTP Request: POST https://api.telegram.org/bot7961356330:AAHcDLCLSDgkoRQhXGfOgooX24cqS6Co0Mw/getUpdates "HTTP/1.1 200 OK"
2025-04-19 05:02:41,055 - httpx - INFO - HTTP Request: POST https://api.telegram.org/bot7961356330:AAHcDLCLSDgkoRQhXGfOgooX24cqS6Co0Mw/getUpdates "HTTP/1.1 200 OK"
2025-04-19 05:02:51,200 - httpx - INFO - HTTP Request: POST https://api.telegram.org/bot7961356330:AAHcDLCLSDgkoRQhXGfOgooX24cqS6Co0Mw/getUpdates "HTTP/1.1 200 OK"
2025-04-19 05:03:01,358 - httpx - INFO - HTTP Request: POST https://api.telegram.org/bot7961356330:AAHcDLCLSDgkoRQhXGfOgooX24cqS6Co0Mw/getUpdates "HTTP/1.1 200 OK"
2025-04-19 05:03:11,513 - httpx - INFO - HTTP Request: POST https://api.telegram.org/bot7961356330:AAHcDLCLSDgkoRQhXGfOgooX24cqS6Co0Mw/getUpdates "HTTP/1.1 200 OK"
2025-04-19 05:03:21,681 - httpx - INFO - HTTP Request: POST https://api.telegram.org/bot7961356330:AAHcDLCLSDgkoRQhXGfOgooX24cqS6Co0Mw/getUpdates "HTTP/1.1 200 OK"
2025-04-19 05:03:31,849 - httpx - INFO - HTTP Request: POST https://api.telegram.org/bot7961356330:AAHcDLCLSDgkoRQhXGfOgooX24cqS6Co0Mw/getUpdates "HTTP/1.1 200 OK"
2025-04-19 05:03:42,003 - httpx - INFO - HTTP Request: POST https://api.telegram.org/bot7961356330:AAHcDLCLSDgkoRQhXGfOgooX24cqS6Co0Mw/getUpdates "HTTP/1.1 200 OK"
2025-04-19 05:03:52,169 - httpx - INFO - HTTP Request: POST https://api.telegram.org/bot7961356330:AAHcDLCLSDgkoRQhXGfOgooX24cqS6Co0Mw/getUpdates "HTTP/1.1 200 OK"
2025-04-19 05:04:02,345 - httpx - INFO - HTTP Request: POST https://api.telegram.org/bot7961356330:AAHcDLCLSDgkoRQhXGfOgooX24cqS6Co0Mw/getUpdates "HTTP/1.1 200 OK"
2025-04-19 05:04:12,513 - httpx - INFO - HTTP Request: POST https://api.telegram.org/bot7961356330:AAHcDLCLSDgkoRQhXGfOgooX24cqS6Co0Mw/getUpdates "HTTP/1.1 200 OK"
2025-04-19 05:04:22,667 - httpx - INFO - HTTP Request: POST https://api.telegram.org/bot7961356330:AAHcDLCLSDgkoRQhXGfOgooX24cqS6Co0Mw/getUpdates "HTTP/1.1 200 OK"
2025-04-19 05:04:32,823 - httpx - INFO - HTTP Request: POST https://api.telegram.org/bot7961356330:AAHcDLCLSDgkoRQhXGfOgooX24cqS6Co0Mw/getUpdates "HTTP/1.1 200 OK"
2025-04-19 05:04:43,003 - httpx - INFO - HTTP Request: POST https://api.telegram.org/bot7961356330:AAHcDLCLSDgkoRQhXGfOgooX24cqS6Co0Mw/getUpdates "HTTP/1.1 200 OK"
2025-04-19 05:04:53,162 - httpx - INFO - HTTP Request: POST https://api.telegram.org/bot7961356330:AAHcDLCLSDgkoRQhXGfOgooX24cqS6Co0Mw/getUpdates "HTTP/1.1 200 OK"
2025-04-19 05:05:03,330 - httpx - INFO - HTTP Request: POST https://api.telegram.org/bot7961356330:AAHcDLCLSDgkoRQhXGfOgooX24cqS6Co0Mw/getUpdates "HTTP/1.1 200 OK"
2025-04-19 05:05:13,493 - httpx - INFO - HTTP Request: POST https://api.telegram.org/bot7961356330:AAHcDLCLSDgkoRQhXGfOgooX24cqS6Co0Mw/getUpdates "HTTP/1.1 200 OK"
2025-04-19 05:05:23,644 - httpx - INFO - HTTP Request: POST https://api.telegram.org/bot7961356330:AAHcDLCLSDgkoRQhXGfOgooX24cqS6Co0Mw/getUpdates "HTTP/1.1 200 OK"
2025-04-19 05:05:33,791 - httpx - INFO - HTTP Request: POST https://api.telegram.org/bot7961356330:AAHcDLCLSDgkoRQhXGfOgooX24cqS6Co0Mw/getUpdates "HTTP/1.1 200 OK"
2025-04-19 05:05:43,936 - httpx - INFO - HTTP Request: POST https://api.telegram.org/bot7961356330:AAHcDLCLSDgkoRQhXGfOgooX24cqS6Co0Mw/getUpdates "HTTP/1.1 200 OK"
2025-04-19 05:05:54,103 - httpx - INFO - HTTP Request: POST https://api.telegram.org/bot7961356330:AAHcDLCLSDgkoRQhXGfOgooX24cqS6Co0Mw/getUpdates "HTTP/1.1 200 OK"
2025-04-19 05:06:04,273 - httpx - INFO - HTTP Request: POST https://api.telegram.org/bot7961356330:AAHcDLCLSDgkoRQhXGfOgooX24cqS6Co0Mw/getUpdates "HTTP/1.1 200 OK"
2025-04-19 05:06:14,436 - httpx - INFO - HTTP Request: POST https://api.telegram.org/bot7961356330:AAHcDLCLSDgkoRQhXGfOgooX24cqS6Co0Mw/getUpdates "HTTP/1.1 200 OK"
2025-04-19 05:06:24,588 - httpx - INFO - HTTP Request: POST https://api.telegram.org/bot7961356330:AAHcDLCLSDgkoRQhXGfOgooX24cqS6Co0Mw/getUpdates "HTTP/1.1 200 OK"
2025-04-19 05:06:34,757 - httpx - INFO - HTTP Request: POST https://api.telegram.org/bot7961356330:AAHcDLCLSDgkoRQhXGfOgooX24cqS6Co0Mw/getUpdates "HTTP/1.1 200 OK"
2025-04-19 05:06:44,915 - httpx - INFO - HTTP Request: POST https://api.telegram.org/bot7961356330:AAHcDLCLSDgkoRQhXGfOgooX24cqS6Co0Mw/getUpdates "HTTP/1.1 200 OK"
2025-04-19 05:06:55,085 - httpx - INFO - HTTP Request: POST https://api.telegram.org/bot7961356330:AAHcDLCLSDgkoRQhXGfOgooX24cqS6Co0Mw/getUpdates "HTTP/1.1 200 OK"
2025-04-19 05:07:05,253 - httpx - INFO - HTTP Request: POST https://api.telegram.org/bot7961356330:AAHcDLCLSDgkoRQhXGfOgooX24cqS6Co0Mw/getUpdates "HTTP/1.1 200 OK"
2025-04-19 05:07:15,419 - httpx - INFO - HTTP Request: POST https://api.telegram.org/bot7961356330:AAHcDLCLSDgkoRQhXGfOgooX24cqS6Co0Mw/getUpdates "HTTP/1.1 200 OK"
2025-04-19 05:07:25,583 - httpx - INFO - HTTP Request: POST https://api.telegram.org/bot7961356330:AAHcDLCLSDgkoRQhXGfOgooX24cqS6Co0Mw/getUpdates "HTTP/1.1 200 OK"
2025-04-19 05:07:35,763 - httpx - INFO - HTTP Request: POST https://api.telegram.org/bot7961356330:AAHcDLCLSDgkoRQhXGfOgooX24cqS6Co0Mw/getUpdates "HTTP/1.1 200 OK"
2025-04-19 05:07:45,923 - httpx - INFO - HTTP Request: POST https://api.telegram.org/bot7961356330:AAHcDLCLSDgkoRQhXGfOgooX24cqS6Co0Mw/getUpdates "HTTP/1.1 200 OK"
2025-04-19 05:07:56,103 - httpx - INFO - HTTP Request: POST https://api.telegram.org/bot7961356330:AAHcDLCLSDgkoRQhXGfOgooX24cqS6Co0Mw/getUpdates "HTTP/1.1 200 OK"
2025-04-19 05:08:06,266 - httpx - INFO - HTTP Request: POST https://api.telegram.org/bot7961356330:AAHcDLCLSDgkoRQhXGfOgooX24cqS6Co0Mw/getUpdates "HTTP/1.1 200 OK"
2025-04-19 05:08:16,438 - httpx - INFO - HTTP Request: POST https://api.telegram.org/bot7961356330:AAHcDLCLSDgkoRQhXGfOgooX24cqS6Co0Mw/getUpdates "HTTP/1.1 200 OK"
2025-04-19 05:08:26,597 - httpx - INFO - HTTP Request: POST https://api.telegram.org/bot7961356330:AAHcDLCLSDgkoRQhXGfOgooX24cqS6Co0Mw/getUpdates "HTTP/1.1 200 OK"
2025-04-19 05:08:36,774 - httpx - INFO - HTTP Request: POST https://api.telegram.org/bot7961356330:AAHcDLCLSDgkoRQhXGfOgooX24cqS6Co0Mw/getUpdates "HTTP/1.1 200 OK"
2025-04-19 05:08:46,938 - httpx - INFO - HTTP Request: POST https://api.telegram.org/bot7961356330:AAHcDLCLSDgkoRQhXGfOgooX24cqS6Co0Mw/getUpdates "HTTP/1.1 200 OK"
2025-04-19 05:08:57,085 - httpx - INFO - HTTP Request: POST https://api.telegram.org/bot7961356330:AAHcDLCLSDgkoRQhXGfOgooX24cqS6Co0Mw/getUpdates "HTTP/1.1 200 OK"
2025-04-19 05:09:07,258 - httpx - INFO - HTTP Request: POST https://api.telegram.org/bot7961356330:AAHcDLCLSDgkoRQhXGfOgooX24cqS6Co0Mw/getUpdates "HTTP/1.1 200 OK"
2025-04-19 05:09:17,418 - httpx - INFO - HTTP Request: POST https://api.telegram.org/bot7961356330:AAHcDLCLSDgkoRQhXGfOgooX24cqS6Co0Mw/getUpdates "HTTP/1.1 200 OK"
2025-04-19 05:09:27,590 - httpx - INFO - HTTP Request: POST https://api.telegram.org/bot7961356330:AAHcDLCLSDgkoRQhXGfOgooX24cqS6Co0Mw/getUpdates "HTTP/1.1 200 OK"
2025-04-19 05:09:37,752 - httpx - INFO - HTTP Request: POST https://api.telegram.org/bot7961356330:AAHcDLCLSDgkoRQhXGfOgooX24cqS6Co0Mw/getUpdates "HTTP/1.1 200 OK"
2025-04-19 05:09:47,911 - httpx - INFO - HTTP Request: POST https://api.telegram.org/bot7961356330:AAHcDLCLSDgkoRQhXGfOgooX24cqS6Co0Mw/getUpdates "HTTP/1.1 200 OK"
2025-04-19 05:09:58,081 - httpx - INFO - HTTP Request: POST https://api.telegram.org/bot7961356330:AAHcDLCLSDgkoRQhXGfOgooX24cqS6Co0Mw/getUpdates "HTTP/1.1 200 OK"
2025-04-19 05:10:08,226 - httpx - INFO - HTTP Request: POST https://api.telegram.org/bot7961356330:AAHcDLCLSDgkoRQhXGfOgooX24cqS6Co0Mw/getUpdates "HTTP/1.1 200 OK"
2025-04-19 05:10:18,395 - httpx - INFO - HTTP Request: POST https://api.telegram.org/bot7961356330:AAHcDLCLSDgkoRQhXGfOgooX24cqS6Co0Mw/getUpdates "HTTP/1.1 200 OK"
2025-04-19 05:10:28,551 - httpx - INFO - HTTP Request: POST https://api.telegram.org/bot7961356330:AAHcDLCLSDgkoRQhXGfOgooX24cqS6Co0Mw/getUpdates "HTTP/1.1 200 OK"
2025-04-19 05:10:38,713 - httpx - INFO - HTTP Request: POST https://api.telegram.org/bot7961356330:AAHcDLCLSDgkoRQhXGfOgooX24cqS6Co0Mw/getUpdates "HTTP/1.1 200 OK"
2025-04-19 05:10:48,888 - httpx - INFO - HTTP Request: POST https://api.telegram.org/bot7961356330:AAHcDLCLSDgkoRQhXGfOgooX24cqS6Co0Mw/getUpdates "HTTP/1.1 200 OK"
2025-04-19 05:10:59,060 - httpx - INFO - HTTP Request: POST https://api.telegram.org/bot7961356330:AAHcDLCLSDgkoRQhXGfOgooX24cqS6Co0Mw/getUpdates "HTTP/1.1 200 OK"
2025-04-19 05:11:09,232 - httpx - INFO - HTTP Request: POST https://api.telegram.org/bot7961356330:AAHcDLCLSDgkoRQhXGfOgooX24cqS6Co0Mw/getUpdates "HTTP/1.1 200 OK"
2025-04-19 05:11:19,397 - httpx - INFO - HTTP Request: POST https://api.telegram.org/bot7961356330:AAHcDLCLSDgkoRQhXGfOgooX24cqS6Co0Mw/getUpdates "HTTP/1.1 200 OK"
2025-04-19 05:11:29,565 - httpx - INFO - HTTP Request: POST https://api.telegram.org/bot7961356330:AAHcDLCLSDgkoRQhXGfOgooX24cqS6Co0Mw/getUpdates "HTTP/1.1 200 OK"
2025-04-19 05:11:39,722 - httpx - INFO - HTTP Request: POST https://api.telegram.org/bot7961356330:AAHcDLCLSDgkoRQhXGfOgooX24cqS6Co0Mw/getUpdates "HTTP/1.1 200 OK"
2025-04-19 05:11:49,876 - httpx - INFO - HTTP Request: POST https://api.telegram.org/bot7961356330:AAHcDLCLSDgkoRQhXGfOgooX24cqS6Co0Mw/getUpdates "HTTP/1.1 200 OK"
2025-04-19 05:12:00,039 - httpx - INFO - HTTP Request: POST https://api.telegram.org/bot7961356330:AAHcDLCLSDgkoRQhXGfOgooX24cqS6Co0Mw/getUpdates "HTTP/1.1 200 OK"
2025-04-19 05:12:10,198 - httpx - INFO - HTTP Request: POST https://api.telegram.org/bot7961356330:AAHcDLCLSDgkoRQhXGfOgooX24cqS6Co0Mw/getUpdates "HTTP/1.1 200 OK"
2025-04-19 05:12:20,362 - httpx - INFO - HTTP Request: POST https://api.telegram.org/bot7961356330:AAHcDLCLSDgkoRQhXGfOgooX24cqS6Co0Mw/getUpdates "HTTP/1.1 200 OK"
2025-04-19 05:12:30,509 - httpx - INFO - HTTP Request: POST https://api.telegram.org/bot7961356330:AAHcDLCLSDgkoRQhXGfOgooX24cqS6Co0Mw/getUpdates "HTTP/1.1 200 OK"
2025-04-19 05:12:40,652 - httpx - INFO - HTTP Request: POST https://api.telegram.org/bot7961356330:AAHcDLCLSDgkoRQhXGfOgooX24cqS6Co0Mw/getUpdates "HTTP/1.1 200 OK"
2025-04-19 05:12:50,803 - httpx - INFO - HTTP Request: POST https://api.telegram.org/bot7961356330:AAHcDLCLSDgkoRQhXGfOgooX24cqS6Co0Mw/getUpdates "HTTP/1.1 200 OK"
2025-04-19 05:13:00,959 - httpx - INFO - HTTP Request: POST https://api.telegram.org/bot7961356330:AAHcDLCLSDgkoRQhXGfOgooX24cqS6Co0Mw/getUpdates "HTTP/1.1 200 OK"
2025-04-19 05:13:11,124 - httpx - INFO - HTTP Request: POST https://api.telegram.org/bot7961356330:AAHcDLCLSDgkoRQhXGfOgooX24cqS6Co0Mw/getUpdates "HTTP/1.1 200 OK"
2025-04-19 05:13:21,284 - httpx - INFO - HTTP Request: POST https://api.telegram.org/bot7961356330:AAHcDLCLSDgkoRQhXGfOgooX24cqS6Co0Mw/getUpdates "HTTP/1.1 200 OK"
2025-04-19 05:13:31,457 - httpx - INFO - HTTP Request: POST https://api.telegram.org/bot7961356330:AAHcDLCLSDgkoRQhXGfOgooX24cqS6Co0Mw/getUpdates "HTTP/1.1 200 OK"
2025-04-19 05:13:41,641 - httpx - INFO - HTTP Request: POST https://api.telegram.org/bot7961356330:AAHcDLCLSDgkoRQhXGfOgooX24cqS6Co0Mw/getUpdates "HTTP/1.1 200 OK"
2025-04-19 05:13:51,803 - httpx - INFO - HTTP Request: POST https://api.telegram.org/bot7961356330:AAHcDLCLSDgkoRQhXGfOgooX24cqS6Co0Mw/getUpdates "HTTP/1.1 200 OK"
2025-04-19 05:14:01,956 - httpx - INFO - HTTP Request: POST https://api.telegram.org/bot7961356330:AAHcDLCLSDgkoRQhXGfOgooX24cqS6Co0Mw/getUpdates "HTTP/1.1 200 OK"
2025-04-19 05:14:12,114 - httpx - INFO - HTTP Request: POST https://api.telegram.org/bot7961356330:AAHcDLCLSDgkoRQhXGfOgooX24cqS6Co0Mw/getUpdates "HTTP/1.1 200 OK"
2025-04-19 05:14:22,266 - httpx - INFO - HTTP Request: POST https://api.telegram.org/bot7961356330:AAHcDLCLSDgkoRQhXGfOgooX24cqS6Co0Mw/getUpdates "HTTP/1.1 200 OK"
2025-04-19 05:15:51,740 - httpx - INFO - HTTP Request: POST https://api.telegram.org/bot7961356330:AAHcDLCLSDgkoRQhXGfOgooX24cqS6Co0Mw/getMe "HTTP/1.1 200 OK"
2025-04-19 05:15:51,896 - httpx - INFO - HTTP Request: POST https://api.telegram.org/bot7961356330:AAHcDLCLSDgkoRQhXGfOgooX24cqS6Co0Mw/deleteWebhook "HTTP/1.1 200 OK"
2025-04-19 05:15:51,897 - apscheduler.scheduler - INFO - Scheduler started
2025-04-19 05:15:51,897 - telegram.ext.Application - INFO - Application started
2025-04-19 05:16:02,394 - httpx - INFO - HTTP Request: POST https://api.telegram.org/bot7961356330:AAHcDLCLSDgkoRQhXGfOgooX24cqS6Co0Mw/getUpdates "HTTP/1.1 200 OK"
2025-04-19 05:16:12,572 - httpx - INFO - HTTP Request: POST https://api.telegram.org/bot7961356330:AAHcDLCLSDgkoRQhXGfOgooX24cqS6Co0Mw/getUpdates "HTTP/1.1 200 OK"
2025-04-19 05:16:22,734 - httpx - INFO - HTTP Request: POST https://api.telegram.org/bot7961356330:AAHcDLCLSDgkoRQhXGfOgooX24cqS6Co0Mw/getUpdates "HTTP/1.1 200 OK"
2025-04-19 05:16:32,899 - httpx - INFO - HTTP Request: POST https://api.telegram.org/bot7961356330:AAHcDLCLSDgkoRQhXGfOgooX24cqS6Co0Mw/getUpdates "HTTP/1.1 200 OK"
2025-04-19 05:16:43,060 - httpx - INFO - HTTP Request: POST https://api.telegram.org/bot7961356330:AAHcDLCLSDgkoRQhXGfOgooX24cqS6Co0Mw/getUpdates "HTTP/1.1 200 OK"
2025-04-19 05:16:53,227 - httpx - INFO - HTTP Request: POST https://api.telegram.org/bot7961356330:AAHcDLCLSDgkoRQhXGfOgooX24cqS6Co0Mw/getUpdates "HTTP/1.1 200 OK"
2025-04-19 05:17:03,392 - httpx - INFO - HTTP Request: POST https://api.telegram.org/bot7961356330:AAHcDLCLSDgkoRQhXGfOgooX24cqS6Co0Mw/getUpdates "HTTP/1.1 200 OK"
2025-04-19 05:17:13,559 - httpx - INFO - HTTP Request: POST https://api.telegram.org/bot7961356330:AAHcDLCLSDgkoRQhXGfOgooX24cqS6Co0Mw/getUpdates "HTTP/1.1 200 OK"
2025-04-19 05:17:23,723 - httpx - INFO - HTTP Request: POST https://api.telegram.org/bot7961356330:AAHcDLCLSDgkoRQhXGfOgooX24cqS6Co0Mw/getUpdates "HTTP/1.1 200 OK"
2025-04-19 05:17:33,881 - httpx - INFO - HTTP Request: POST https://api.telegram.org/bot7961356330:AAHcDLCLSDgkoRQhXGfOgooX24cqS6Co0Mw/getUpdates "HTTP/1.1 200 OK"
2025-04-19 05:17:44,041 - httpx - INFO - HTTP Request: POST https://api.telegram.org/bot7961356330:AAHcDLCLSDgkoRQhXGfOgooX24cqS6Co0Mw/getUpdates "HTTP/1.1 200 OK"
2025-04-19 05:17:54,218 - httpx - INFO - HTTP Request: POST https://api.telegram.org/bot7961356330:AAHcDLCLSDgkoRQhXGfOgooX24cqS6Co0Mw/getUpdates "HTTP/1.1 200 OK"
2025-04-19 05:18:04,403 - httpx - INFO - HTTP Request: POST https://api.telegram.org/bot7961356330:AAHcDLCLSDgkoRQhXGfOgooX24cqS6Co0Mw/getUpdates "HTTP/1.1 200 OK"
2025-04-19 05:18:14,573 - httpx - INFO - HTTP Request: POST https://api.telegram.org/bot7961356330:AAHcDLCLSDgkoRQhXGfOgooX24cqS6Co0Mw/getUpdates "HTTP/1.1 200 OK"
2025-04-19 05:18:24,722 - httpx - INFO - HTTP Request: POST https://api.telegram.org/bot7961356330:AAHcDLCLSDgkoRQhXGfOgooX24cqS6Co0Mw/getUpdates "HTTP/1.1 200 OK"
2025-04-19 05:18:34,902 - httpx - INFO - HTTP Request: POST https://api.telegram.org/bot7961356330:AAHcDLCLSDgkoRQhXGfOgooX24cqS6Co0Mw/getUpdates "HTTP/1.1 200 OK"
2025-04-19 05:18:45,069 - httpx - INFO - HTTP Request: POST https://api.telegram.org/bot7961356330:AAHcDLCLSDgkoRQhXGfOgooX24cqS6Co0Mw/getUpdates "HTTP/1.1 200 OK"
2025-04-19 05:18:55,222 - httpx - INFO - HTTP Request: POST https://api.telegram.org/bot7961356330:AAHcDLCLSDgkoRQhXGfOgooX24cqS6Co0Mw/getUpdates "HTTP/1.1 200 OK"
2025-04-19 05:19:05,380 - httpx - INFO - HTTP Request: POST https://api.telegram.org/bot7961356330:AAHcDLCLSDgkoRQhXGfOgooX24cqS6Co0Mw/getUpdates "HTTP/1.1 200 OK"
2025-04-19 05:19:15,542 - httpx - INFO - HTTP Request: POST https://api.telegram.org/bot7961356330:AAHcDLCLSDgkoRQhXGfOgooX24cqS6Co0Mw/getUpdates "HTTP/1.1 200 OK"
2025-04-19 05:19:25,716 - httpx - INFO - HTTP Request: POST https://api.telegram.org/bot7961356330:AAHcDLCLSDgkoRQhXGfOgooX24cqS6Co0Mw/getUpdates "HTTP/1.1 200 OK"
2025-04-19 05:19:35,873 - httpx - INFO - HTTP Request: POST https://api.telegram.org/bot7961356330:AAHcDLCLSDgkoRQhXGfOgooX24cqS6Co0Mw/getUpdates "HTTP/1.1 200 OK"
2025-04-19 05:19:46,038 - httpx - INFO - HTTP Request: POST https://api.telegram.org/bot7961356330:AAHcDLCLSDgkoRQhXGfOgooX24cqS6Co0Mw/getUpdates "HTTP/1.1 200 OK"
2025-04-19 05:19:56,180 - httpx - INFO - HTTP Request: POST https://api.telegram.org/bot7961356330:AAHcDLCLSDgkoRQhXGfOgooX24cqS6Co0Mw/getUpdates "HTTP/1.1 200 OK"
2025-04-19 05:20:06,321 - httpx - INFO - HTTP Request: POST https://api.telegram.org/bot7961356330:AAHcDLCLSDgkoRQhXGfOgooX24cqS6Co0Mw/getUpdates "HTTP/1.1 200 OK"
2025-04-19 05:20:16,465 - httpx - INFO - HTTP Request: POST https://api.telegram.org/bot7961356330:AAHcDLCLSDgkoRQhXGfOgooX24cqS6Co0Mw/getUpdates "HTTP/1.1 200 OK"
2025-04-19 05:20:26,606 - httpx - INFO - HTTP Request: POST https://api.telegram.org/bot7961356330:AAHcDLCLSDgkoRQhXGfOgooX24cqS6Co0Mw/getUpdates "HTTP/1.1 200 OK"
2025-04-19 05:20:36,746 - httpx - INFO - HTTP Request: POST https://api.telegram.org/bot7961356330:AAHcDLCLSDgkoRQhXGfOgooX24cqS6Co0Mw/getUpdates "HTTP/1.1 200 OK"
2025-04-19 05:20:46,888 - httpx - INFO - HTTP Request: POST https://api.telegram.org/bot7961356330:AAHcDLCLSDgkoRQhXGfOgooX24cqS6Co0Mw/getUpdates "HTTP/1.1 200 OK"
2025-04-19 05:20:57,027 - httpx - INFO - HTTP Request: POST https://api.telegram.org/bot7961356330:AAHcDLCLSDgkoRQhXGfOgooX24cqS6Co0Mw/getUpdates "HTTP/1.1 200 OK"
2025-04-19 05:21:07,165 - httpx - INFO - HTTP Request: POST https://api.telegram.org/bot7961356330:AAHcDLCLSDgkoRQhXGfOgooX24cqS6Co0Mw/getUpdates "HTTP/1.1 200 OK"
2025-04-19 05:21:17,306 - httpx - INFO - HTTP Request: POST https://api.telegram.org/bot7961356330:AAHcDLCLSDgkoRQhXGfOgooX24cqS6Co0Mw/getUpdates "HTTP/1.1 200 OK"
2025-04-19 05:21:27,444 - httpx - INFO - HTTP Request: POST https://api.telegram.org/bot7961356330:AAHcDLCLSDgkoRQhXGfOgooX24cqS6Co0Mw/getUpdates "HTTP/1.1 200 OK"
2025-04-19 05:21:37,583 - httpx - INFO - HTTP Request: POST https://api.telegram.org/bot7961356330:AAHcDLCLSDgkoRQhXGfOgooX24cqS6Co0Mw/getUpdates "HTTP/1.1 200 OK"
2025-04-19 05:21:47,727 - httpx - INFO - HTTP Request: POST https://api.telegram.org/bot7961356330:AAHcDLCLSDgkoRQhXGfOgooX24cqS6Co0Mw/getUpdates "HTTP/1.1 200 OK"
2025-04-19 05:21:57,867 - httpx - INFO - HTTP Request: POST https://api.telegram.org/bot7961356330:AAHcDLCLSDgkoRQhXGfOgooX24cqS6Co0Mw/getUpdates "HTTP/1.1 200 OK"
2025-04-19 05:22:08,007 - httpx - INFO - HTTP Request: POST https://api.telegram.org/bot7961356330:AAHcDLCLSDgkoRQhXGfOgooX24cqS6Co0Mw/getUpdates "HTTP/1.1 200 OK"
2025-04-19 05:22:18,151 - httpx - INFO - HTTP Request: POST https://api.telegram.org/bot7961356330:AAHcDLCLSDgkoRQhXGfOgooX24cqS6Co0Mw/getUpdates "HTTP/1.1 200 OK"
2025-04-19 05:22:28,290 - httpx - INFO - HTTP Request: POST https://api.telegram.org/bot7961356330:AAHcDLCLSDgkoRQhXGfOgooX24cqS6Co0Mw/getUpdates "HTTP/1.1 200 OK"
2025-04-19 05:22:38,434 - httpx - INFO - HTTP Request: POST https://api.telegram.org/bot7961356330:AAHcDLCLSDgkoRQhXGfOgooX24cqS6Co0Mw/getUpdates "HTTP/1.1 200 OK"
2025-04-19 05:22:48,574 - httpx - INFO - HTTP Request: POST https://api.telegram.org/bot7961356330:AAHcDLCLSDgkoRQhXGfOgooX24cqS6Co0Mw/getUpdates "HTTP/1.1 200 OK"
2025-04-19 05:22:49,463 - httpx - INFO - HTTP Request: POST https://api.telegram.org/bot7961356330:AAHcDLCLSDgkoRQhXGfOgooX24cqS6Co0Mw/getUpdates "HTTP/1.1 200 OK"
2025-04-19 05:22:50,012 - httpx - INFO - HTTP Request: POST https://api.telegram.org/bot7961356330:AAHcDLCLSDgkoRQhXGfOgooX24cqS6Co0Mw/sendMessage "HTTP/1.1 200 OK"
2025-04-19 05:22:59,606 - httpx - INFO - HTTP Request: POST https://api.telegram.org/bot7961356330:AAHcDLCLSDgkoRQhXGfOgooX24cqS6Co0Mw/getUpdates "HTTP/1.1 200 OK"
2025-04-19 05:22:59,926 - httpx - INFO - HTTP Request: POST https://api.telegram.org/bot7961356330:AAHcDLCLSDgkoRQhXGfOgooX24cqS6Co0Mw/getUpdates "HTTP/1.1 200 OK"
2025-04-19 05:23:00,473 - httpx - INFO - HTTP Request: POST https://api.telegram.org/bot7961356330:AAHcDLCLSDgkoRQhXGfOgooX24cqS6Co0Mw/sendMessage "HTTP/1.1 200 OK"
2025-04-19 05:23:00,733 - httpx - INFO - HTTP Request: POST https://api.telegram.org/bot7961356330:AAHcDLCLSDgkoRQhXGfOgooX24cqS6Co0Mw/sendMessage "HTTP/1.1 200 OK"
2025-04-19 05:23:06,986 - httpx - INFO - HTTP Request: POST https://api.telegram.org/bot7961356330:AAHcDLCLSDgkoRQhXGfOgooX24cqS6Co0Mw/getUpdates "HTTP/1.1 200 OK"
2025-04-19 05:23:07,546 - httpx - INFO - HTTP Request: POST https://api.telegram.org/bot7961356330:AAHcDLCLSDgkoRQhXGfOgooX24cqS6Co0Mw/answerCallbackQuery "HTTP/1.1 200 OK"
2025-04-19 05:23:07,819 - httpx - INFO - HTTP Request: POST https://api.telegram.org/bot7961356330:AAHcDLCLSDgkoRQhXGfOgooX24cqS6Co0Mw/editMessageText "HTTP/1.1 200 OK"
2025-04-19 05:23:08,087 - httpx - INFO - HTTP Request: POST https://api.telegram.org/bot7961356330:AAHcDLCLSDgkoRQhXGfOgooX24cqS6Co0Mw/sendMessage "HTTP/1.1 200 OK"
2025-04-19 05:23:14,490 - httpx - INFO - HTTP Request: POST https://api.telegram.org/bot7961356330:AAHcDLCLSDgkoRQhXGfOgooX24cqS6Co0Mw/getUpdates "HTTP/1.1 200 OK"
2025-04-19 05:23:15,060 - httpx - INFO - HTTP Request: POST https://api.telegram.org/bot7961356330:AAHcDLCLSDgkoRQhXGfOgooX24cqS6Co0Mw/sendMessage "HTTP/1.1 200 OK"
2025-04-19 05:23:19,814 - httpx - INFO - HTTP Request: POST https://api.telegram.org/bot7961356330:AAHcDLCLSDgkoRQhXGfOgooX24cqS6Co0Mw/getUpdates "HTTP/1.1 200 OK"
2025-04-19 05:23:20,080 - httpx - INFO - HTTP Request: POST https://api.telegram.org/bot7961356330:AAHcDLCLSDgkoRQhXGfOgooX24cqS6Co0Mw/sendMessage "HTTP/1.1 200 OK"
2025-04-19 05:23:20,342 - httpx - INFO - HTTP Request: POST https://api.telegram.org/bot7961356330:AAHcDLCLSDgkoRQhXGfOgooX24cqS6Co0Mw/sendMessage "HTTP/1.1 200 OK"
2025-04-19 05:23:23,820 - httpx - INFO - HTTP Request: POST https://api.telegram.org/bot7961356330:AAHcDLCLSDgkoRQhXGfOgooX24cqS6Co0Mw/getUpdates "HTTP/1.1 200 OK"
2025-04-19 05:23:24,078 - httpx - INFO - HTTP Request: POST https://api.telegram.org/bot7961356330:AAHcDLCLSDgkoRQhXGfOgooX24cqS6Co0Mw/answerCallbackQuery "HTTP/1.1 200 OK"
2025-04-19 05:23:24,354 - httpx - INFO - HTTP Request: POST https://api.telegram.org/bot7961356330:AAHcDLCLSDgkoRQhXGfOgooX24cqS6Co0Mw/editMessageText "HTTP/1.1 200 OK"
2025-04-19 05:23:24,638 - httpx - INFO - HTTP Request: POST https://api.telegram.org/bot7961356330:AAHcDLCLSDgkoRQhXGfOgooX24cqS6Co0Mw/sendMessage "HTTP/1.1 200 OK"
2025-04-19 05:23:33,960 - httpx - INFO - HTTP Request: POST https://api.telegram.org/bot7961356330:AAHcDLCLSDgkoRQhXGfOgooX24cqS6Co0Mw/getUpdates "HTTP/1.1 200 OK"
2025-04-19 05:23:39,589 - httpx - INFO - HTTP Request: POST https://api.telegram.org/bot7961356330:AAHcDLCLSDgkoRQhXGfOgooX24cqS6Co0Mw/getUpdates "HTTP/1.1 200 OK"
2025-04-19 05:23:40,149 - httpx - INFO - HTTP Request: POST https://api.telegram.org/bot7961356330:AAHcDLCLSDgkoRQhXGfOgooX24cqS6Co0Mw/sendMessage "HTTP/1.1 200 OK"
2025-04-19 05:23:48,038 - httpx - INFO - HTTP Request: POST https://api.telegram.org/bot7961356330:AAHcDLCLSDgkoRQhXGfOgooX24cqS6Co0Mw/getUpdates "HTTP/1.1 200 OK"
2025-04-19 05:23:48,614 - httpx - INFO - HTTP Request: POST https://api.telegram.org/bot7961356330:AAHcDLCLSDgkoRQhXGfOgooX24cqS6Co0Mw/sendMessage "HTTP/1.1 200 OK"
2025-04-19 05:23:49,638 - httpx - INFO - HTTP Request: POST https://api.telegram.org/bot7961356330:AAHcDLCLSDgkoRQhXGfOgooX24cqS6Co0Mw/getUpdates "HTTP/1.1 200 OK"
2025-04-19 05:23:49,899 - httpx - INFO - HTTP Request: POST https://api.telegram.org/bot7961356330:AAHcDLCLSDgkoRQhXGfOgooX24cqS6Co0Mw/sendMessage "HTTP/1.1 200 OK"
2025-04-19 05:23:51,693 - httpx - INFO - HTTP Request: POST https://api.telegram.org/bot7961356330:AAHcDLCLSDgkoRQhXGfOgooX24cqS6Co0Mw/getUpdates "HTTP/1.1 200 OK"
2025-04-19 05:23:51,960 - httpx - INFO - HTTP Request: POST https://api.telegram.org/bot7961356330:AAHcDLCLSDgkoRQhXGfOgooX24cqS6Co0Mw/sendMessage "HTTP/1.1 200 OK"
2025-04-19 05:23:53,129 - httpx - INFO - HTTP Request: POST https://api.telegram.org/bot7961356330:AAHcDLCLSDgkoRQhXGfOgooX24cqS6Co0Mw/getUpdates "HTTP/1.1 200 OK"
2025-04-19 05:23:53,393 - httpx - INFO - HTTP Request: POST https://api.telegram.org/bot7961356330:AAHcDLCLSDgkoRQhXGfOgooX24cqS6Co0Mw/sendMessage "HTTP/1.1 200 OK"
